0 info it worked if it ends with ok
1 verbose cli [ '/usr/bin/node', '/usr/bin/npm', 'install', '-g', 'npm' ]
2 info using npm@1.4.28
3 info using node@v0.10.37
4 verbose node symlink /usr/bin/node
5 verbose cache add [ 'npm', null ]
6 verbose cache add name=undefined spec="npm" args=["npm",null]
7 verbose parsed url { protocol: null,
7 verbose parsed url   slashes: null,
7 verbose parsed url   auth: null,
7 verbose parsed url   host: null,
7 verbose parsed url   port: null,
7 verbose parsed url   hostname: null,
7 verbose parsed url   hash: null,
7 verbose parsed url   search: null,
7 verbose parsed url   query: null,
7 verbose parsed url   pathname: 'npm',
7 verbose parsed url   path: 'npm',
7 verbose parsed url   href: 'npm' }
8 silly lockFile 660051d1-npm npm
9 verbose lock npm /home/ying/.npm/660051d1-npm.lock
10 silly lockFile 660051d1-npm npm
11 silly lockFile 660051d1-npm npm
12 verbose addNamed [ 'npm', '' ]
13 verbose addNamed [ null, '*' ]
14 silly lockFile 2f990b75-npm npm@
15 verbose lock npm@ /home/ying/.npm/2f990b75-npm.lock
16 silly addNameRange { name: 'npm', range: '*', hasData: false }
17 verbose request where is /npm
18 verbose request registry https://registry.npmjs.org/
19 verbose request id 577c429c1957105b
20 verbose url raw /npm
21 verbose url resolving [ 'https://registry.npmjs.org/', './npm' ]
22 verbose url resolved https://registry.npmjs.org/npm
23 verbose request where is https://registry.npmjs.org/npm
24 info trying registry request attempt 1 at 11:51:48
25 verbose etag "21W4CQ3V848LWSZ8FKQ63A66K"
26 http GET https://registry.npmjs.org/npm
27 http 200 https://registry.npmjs.org/npm
28 silly registry.get cb [ 200,
28 silly registry.get   { server: 'CouchDB/1.5.0 (Erlang OTP/R16B03)',
28 silly registry.get     etag: '"7EVAI2K546YS9EE6YKEWE3I99"',
28 silly registry.get     'content-type': 'application/json',
28 silly registry.get     'cache-control': 'max-age=60',
28 silly registry.get     'content-length': '3438248',
28 silly registry.get     'accept-ranges': 'bytes',
28 silly registry.get     date: 'Fri, 09 Oct 2015 09:51:48 GMT',
28 silly registry.get     via: '1.1 varnish',
28 silly registry.get     age: '43',
28 silly registry.get     connection: 'keep-alive',
28 silly registry.get     'x-served-by': 'cache-fra1244-FRA',
28 silly registry.get     'x-cache': 'HIT',
28 silly registry.get     'x-cache-hits': '1',
28 silly registry.get     'x-timer': 'S1444384308.478395,VS0,VE13',
28 silly registry.get     vary: 'Accept' } ]
29 silly addNameRange number 2 { name: 'npm', range: '*', hasData: true }
30 silly addNameRange versions [ 'npm',
30 silly addNameRange   [ '1.1.25',
30 silly addNameRange     '1.2.32',
30 silly addNameRange     '1.3.2',
30 silly addNameRange     '1.3.4',
30 silly addNameRange     '1.2.20',
30 silly addNameRange     '1.2.21',
30 silly addNameRange     '1.2.22',
30 silly addNameRange     '1.2.23',
30 silly addNameRange     '1.2.24',
30 silly addNameRange     '1.2.25',
30 silly addNameRange     '1.2.27',
30 silly addNameRange     '1.2.28',
30 silly addNameRange     '1.2.30',
30 silly addNameRange     '1.2.31',
30 silly addNameRange     '1.3.0',
30 silly addNameRange     '1.3.1',
30 silly addNameRange     '1.2.19',
30 silly addNameRange     '1.1.70',
30 silly addNameRange     '1.1.71',
30 silly addNameRange     '1.3.5',
30 silly addNameRange     '1.3.6',
30 silly addNameRange     '1.3.7',
30 silly addNameRange     '1.3.8',
30 silly addNameRange     '1.3.9',
30 silly addNameRange     '1.3.10',
30 silly addNameRange     '1.3.11',
30 silly addNameRange     '1.3.12',
30 silly addNameRange     '1.3.13',
30 silly addNameRange     '1.3.14',
30 silly addNameRange     '1.3.15',
30 silly addNameRange     '1.3.16',
30 silly addNameRange     '1.3.17',
30 silly addNameRange     '1.3.18',
30 silly addNameRange     '1.3.20',
30 silly addNameRange     '1.3.21',
30 silly addNameRange     '1.3.22',
30 silly addNameRange     '1.3.23',
30 silly addNameRange     '1.3.24',
30 silly addNameRange     '1.3.25',
30 silly addNameRange     '1.3.26',
30 silly addNameRange     '1.4.0',
30 silly addNameRange     '1.4.1',
30 silly addNameRange     '1.4.2',
30 silly addNameRange     '1.4.3',
30 silly addNameRange     '1.4.4',
30 silly addNameRange     '1.4.5',
30 silly addNameRange     '1.4.6',
30 silly addNameRange     '1.4.7',
30 silly addNameRange     '1.4.8',
30 silly addNameRange     '1.4.9',
30 silly addNameRange     '1.4.10',
30 silly addNameRange     '1.4.11',
30 silly addNameRange     '1.4.12',
30 silly addNameRange     '1.4.13',
30 silly addNameRange     '1.4.14',
30 silly addNameRange     '1.4.15',
30 silly addNameRange     '1.4.16',
30 silly addNameRange     '1.2.8000',
30 silly addNameRange     '1.4.17',
30 silly addNameRange     '1.4.18',
30 silly addNameRange     '1.4.19',
30 silly addNameRange     '1.5.0-alpha-0',
30 silly addNameRange     '1.5.0-alpha-1',
30 silly addNameRange     '1.4.20',
30 silly addNameRange     '1.5.0-alpha-2',
30 silly addNameRange     '1.4.21',
30 silly addNameRange     '1.5.0-alpha-3',
30 silly addNameRange     '1.5.0-alpha-4',
30 silly addNameRange     '2.0.0-alpha-5',
30 silly addNameRange     '1.4.22',
30 silly addNameRange     '1.4.23',
30 silly addNameRange     '2.0.0-alpha.6.0',
30 silly addNameRange     '1.4.24',
30 silly addNameRange     '2.0.0-alpha.6',
30 silly addNameRange     '2.0.0-alpha.7',
30 silly addNameRange     '2.0.0-beta.0',
30 silly addNameRange     '1.4.25',
30 silly addNameRange     '2.0.0-beta.1',
30 silly addNameRange     '1.4.26',
30 silly addNameRange     '2.0.0-beta.2',
30 silly addNameRange     '1.4.27',
30 silly addNameRange     '2.0.0-beta.3',
30 silly addNameRange     '1.4.28',
30 silly addNameRange     '2.0.0',
30 silly addNameRange     '2.0.1',
30 silly addNameRange     '2.0.2',
30 silly addNameRange     '2.1.0',
30 silly addNameRange     '2.1.1',
30 silly addNameRange     '2.1.2',
30 silly addNameRange     '2.1.3',
30 silly addNameRange     '2.1.4',
30 silly addNameRange     '2.1.5',
30 silly addNameRange     '2.1.6',
30 silly addNameRange     '2.1.7',
30 silly addNameRange     '2.1.8',
30 silly addNameRange     '2.1.9',
30 silly addNameRange     '2.1.10',
30 silly addNameRange     '2.1.11',
30 silly addNameRange     '2.1.12',
30 silly addNameRange     '2.1.13',
30 silly addNameRange     '2.1.14',
30 silly addNameRange     '2.1.15',
30 silly addNameRange     '2.1.16',
30 silly addNameRange     '2.1.17',
30 silly addNameRange     '2.1.18',
30 silly addNameRange     '2.2.0',
30 silly addNameRange     '2.3.0',
30 silly addNameRange     '2.4.0',
30 silly addNameRange     '2.4.1',
30 silly addNameRange     '2.5.0',
30 silly addNameRange     '2.5.1',
30 silly addNameRange     '2.6.0',
30 silly addNameRange     '2.6.1',
30 silly addNameRange     '2.7.0',
30 silly addNameRange     '2.7.1',
30 silly addNameRange     '2.7.2',
30 silly addNameRange     '2.7.3',
30 silly addNameRange     '2.7.4',
30 silly addNameRange     '2.7.5',
30 silly addNameRange     '2.7.6',
30 silly addNameRange     '2.8.0',
30 silly addNameRange     '2.8.1',
30 silly addNameRange     '2.8.2',
30 silly addNameRange     '2.8.3',
30 silly addNameRange     '2.8.4',
30 silly addNameRange     '2.9.0',
30 silly addNameRange     '2.9.1',
30 silly addNameRange     '2.10.0',
30 silly addNameRange     '2.10.1',
30 silly addNameRange     '2.11.0',
30 silly addNameRange     '2.11.1',
30 silly addNameRange     '2.11.2',
30 silly addNameRange     '2.11.3',
30 silly addNameRange     '2.12.0',
30 silly addNameRange     '3.0.0',
30 silly addNameRange     '2.12.1',
30 silly addNameRange     '2.13.0',
30 silly addNameRange     '3.1.0',
30 silly addNameRange     '2.13.1',
30 silly addNameRange     '3.1.1',
30 silly addNameRange     '3.1.2',
30 silly addNameRange     '2.13.2',
30 silly addNameRange     '3.1.3',
30 silly addNameRange     '2.13.3',
30 silly addNameRange     '3.2.0',
30 silly addNameRange     '2.13.4',
30 silly addNameRange     '3.2.1',
30 silly addNameRange     '2.13.5',
30 silly addNameRange     '3.2.2',
30 silly addNameRange     '2.14.0',
30 silly addNameRange     '3.3.0',
30 silly addNameRange     '2.14.1',
30 silly addNameRange     '2.14.2',
30 silly addNameRange     '3.3.1',
30 silly addNameRange     '2.14.3',
30 silly addNameRange     '3.3.2',
30 silly addNameRange     '2.14.4',
30 silly addNameRange     '3.3.3',
30 silly addNameRange     '2.14.5',
30 silly addNameRange     '3.3.4',
30 silly addNameRange     '2.14.6',
30 silly addNameRange     '3.3.5',
30 silly addNameRange     '3.3.6',
30 silly addNameRange     '2.14.7',
30 silly addNameRange     '2.14.8',
30 silly addNameRange     '3.3.7' ] ]
31 verbose addNamed [ 'npm', '3.3.6' ]
32 verbose addNamed [ '3.3.6', '3.3.6' ]
33 silly lockFile df8c8d5f-npm-3-3-6 npm@3.3.6
34 verbose lock npm@3.3.6 /home/ying/.npm/df8c8d5f-npm-3-3-6.lock
35 silly lockFile d34608a8-stry-npmjs-org-npm-npm-3-3-6-tgz https://registry.npmjs.org/npm/-/npm-3.3.6.tgz
36 verbose lock https://registry.npmjs.org/npm/-/npm-3.3.6.tgz /home/ying/.npm/d34608a8-stry-npmjs-org-npm-npm-3-3-6-tgz.lock
37 verbose addRemoteTarball [ 'https://registry.npmjs.org/npm/-/npm-3.3.6.tgz',
37 verbose addRemoteTarball   'b9956b29d5f33100a49b05c640904b0938af49e3' ]
38 info retry fetch attempt 1 at 11:51:52
39 verbose fetch to= /tmp/npm-6004-xdI2miNO/registry.npmjs.org/npm/-/npm-3.3.6.tgz
40 http GET https://registry.npmjs.org/npm/-/npm-3.3.6.tgz
41 http 200 https://registry.npmjs.org/npm/-/npm-3.3.6.tgz
42 silly lockFile d34608a8-stry-npmjs-org-npm-npm-3-3-6-tgz https://registry.npmjs.org/npm/-/npm-3.3.6.tgz
43 silly lockFile d34608a8-stry-npmjs-org-npm-npm-3-3-6-tgz https://registry.npmjs.org/npm/-/npm-3.3.6.tgz
44 silly lockFile df8c8d5f-npm-3-3-6 npm@3.3.6
45 silly lockFile df8c8d5f-npm-3-3-6 npm@3.3.6
46 silly lockFile 2f990b75-npm npm@
47 silly lockFile 2f990b75-npm npm@
48 error Error: EACCES, mkdir '/home/ying/.npm/npm/3.3.6'
48 error  { [Error: EACCES, mkdir '/home/ying/.npm/npm/3.3.6'] errno: 3, code: 'EACCES', path: '/home/ying/.npm/npm/3.3.6' }
49 error Please try running this command again as root/Administrator.
50 error System Linux 3.19.0-16-generic
51 error command "/usr/bin/node" "/usr/bin/npm" "install" "-g" "npm"
52 error cwd /home/ying/site-dartiste/FoundationVersion
53 error node -v v0.10.37
54 error npm -v 1.4.28
55 error path /home/ying/.npm/npm/3.3.6
56 error code EACCES
57 error errno 3
58 error stack Error: EACCES, mkdir '/home/ying/.npm/npm/3.3.6'
59 verbose exit [ 3, true ]
